<?xml version="1.0" encoding="UTF-8"?>
<testsuite xmlns:xsi="http://www.w3.org/2001/XMLSchema-instance" xsi:noNamespaceSchemaLocation="https://maven.apache.org/surefire/maven-surefire-plugin/xsd/surefire-test-report.xsd" name="org.example.CalcTest" time="0.031" tests="2" errors="0" skipped="0" failures="1">
  <properties>
    <property name="java.specification.version" value="17"/>
    <property name="sun.cpu.isalist" value="amd64"/>
    <property name="sun.jnu.encoding" value="GBK"/>
    <property name="java.class.path" value="C:\Users\admin\Desktop\tutorial4\tutorial4\target\test-classes;C:\Users\admin\Desktop\tutorial4\tutorial4\target\classes;F:\apache-maven\maven-repository\org\junit\jupiter\junit-jupiter-engine\5.4.0\junit-jupiter-engine-5.4.0.jar;F:\apache-maven\maven-repository\org\apiguardian\apiguardian-api\1.0.0\apiguardian-api-1.0.0.jar;F:\apache-maven\maven-repository\org\junit\platform\junit-platform-engine\1.4.0\junit-platform-engine-1.4.0.jar;F:\apache-maven\maven-repository\org\opentest4j\opentest4j\1.1.1\opentest4j-1.1.1.jar;F:\apache-maven\maven-repository\org\junit\platform\junit-platform-commons\1.4.0\junit-platform-commons-1.4.0.jar;F:\apache-maven\maven-repository\org\junit\jupiter\junit-jupiter-api\5.4.0\junit-jupiter-api-5.4.0.jar;F:\apache-maven\maven-repository\org\junit\jupiter\junit-jupiter\5.9.1\junit-jupiter-5.9.1.jar;F:\apache-maven\maven-repository\org\junit\jupiter\junit-jupiter-params\5.9.1\junit-jupiter-params-5.9.1.jar;"/>
    <property name="java.vm.vendor" value="Oracle Corporation"/>
    <property name="sun.arch.data.model" value="64"/>
    <property name="user.variant" value=""/>
    <property name="java.vendor.url" value="https://java.oracle.com/"/>
    <property name="user.timezone" value="Asia/Shanghai"/>
    <property name="os.name" value="Windows 11"/>
    <property name="java.vm.specification.version" value="17"/>
    <property name="sun.java.launcher" value="SUN_STANDARD"/>
    <property name="user.country" value="CN"/>
    <property name="sun.boot.library.path" value="F:\javajdk\bin"/>
    <property name="sun.java.command" value="C:\Users\admin\AppData\Local\Temp\surefire5394646655556276351\surefirebooter4112325534092074824.jar C:\Users\admin\AppData\Local\Temp\surefire5394646655556276351 2022-10-08T10-15-50_955-jvmRun1 surefire12963808492359582295tmp surefire_017579301820516276031tmp"/>
    <property name="jdk.debug" value="release"/>
    <property name="surefire.test.class.path" value="C:\Users\admin\Desktop\tutorial4\tutorial4\target\test-classes;C:\Users\admin\Desktop\tutorial4\tutorial4\target\classes;F:\apache-maven\maven-repository\org\junit\jupiter\junit-jupiter-engine\5.4.0\junit-jupiter-engine-5.4.0.jar;F:\apache-maven\maven-repository\org\apiguardian\apiguardian-api\1.0.0\apiguardian-api-1.0.0.jar;F:\apache-maven\maven-repository\org\junit\platform\junit-platform-engine\1.4.0\junit-platform-engine-1.4.0.jar;F:\apache-maven\maven-repository\org\opentest4j\opentest4j\1.1.1\opentest4j-1.1.1.jar;F:\apache-maven\maven-repository\org\junit\platform\junit-platform-commons\1.4.0\junit-platform-commons-1.4.0.jar;F:\apache-maven\maven-repository\org\junit\jupiter\junit-jupiter-api\5.4.0\junit-jupiter-api-5.4.0.jar;F:\apache-maven\maven-repository\org\junit\jupiter\junit-jupiter\5.9.1\junit-jupiter-5.9.1.jar;F:\apache-maven\maven-repository\org\junit\jupiter\junit-jupiter-params\5.9.1\junit-jupiter-params-5.9.1.jar;"/>
    <property name="sun.cpu.endian" value="little"/>
    <property name="user.home" value="C:\Users\admin"/>
    <property name="user.language" value="zh"/>
    <property name="java.specification.vendor" value="Oracle Corporation"/>
    <property name="java.version.date" value="2022-01-18"/>
    <property name="java.home" value="F:\javajdk"/>
    <property name="file.separator" value="\"/>
    <property name="basedir" value="C:\Users\admin\Desktop\tutorial4\tutorial4"/>
    <property name="java.vm.compressedOopsMode" value="32-bit"/>
    <property name="line.separator" value="&#10;"/>
    <property name="java.vm.specification.vendor" value="Oracle Corporation"/>
    <property name="java.specification.name" value="Java Platform API Specification"/>
    <property name="surefire.real.class.path" value="C:\Users\admin\AppData\Local\Temp\surefire5394646655556276351\surefirebooter4112325534092074824.jar"/>
    <property name="user.script" value=""/>
    <property name="sun.management.compiler" value="HotSpot 64-Bit Tiered Compilers"/>
    <property name="java.runtime.version" value="17.0.2+8-LTS-86"/>
    <property name="user.name" value="admin"/>
    <property name="path.separator" value=";"/>
    <property name="os.version" value="10.0"/>
    <property name="java.runtime.name" value="Java(TM) SE Runtime Environment"/>
    <property name="file.encoding" value="GBK"/>
    <property name="java.vm.name" value="Java HotSpot(TM) 64-Bit Server VM"/>
    <property name="localRepository" value="F:\apache-maven\maven-repository"/>
    <property name="java.vendor.url.bug" value="https://bugreport.java.com/bugreport/"/>
    <property name="java.io.tmpdir" value="C:\Users\admin\AppData\Local\Temp\"/>
    <property name="java.version" value="17.0.2"/>
    <property name="user.dir" value="C:\Users\admin\Desktop\tutorial4\tutorial4"/>
    <property name="os.arch" value="amd64"/>
    <property name="java.vm.specification.name" value="Java Virtual Machine Specification"/>
    <property name="sun.os.patch.level" value=""/>
    <property name="native.encoding" value="GBK"/>
    <property name="java.library.path" value="F:\javajdk\bin;C:\Windows\Sun\Java\bin;C:\Windows\system32;C:\Windows;C:\Program Files\Common Files\Oracle\Java\javapath;C:\Program Files (x86)\Common Files\Oracle\Java\javapath;C:\Windows\system32;C:\Windows;C:\Windows\System32\Wbem;C:\Windows\System32\WindowsPowerShell\v1.0\;C:\Windows\System32\OpenSSH\;&quot;F:\javajdk\bin;F:\javajdk\jre\bin;&quot;;E:\MinGW_x86_64-8.1.0-release-posix-sjlj-rt_v6-rev0\mingw64\bin;D:\Git\cmd;F:\apache-maven\apache-maven-3.8.6\bin;F:\nodejs\;C:\Users\admin\AppData\Local\Microsoft\WindowsApps;F:\clion\CLion 2022.1.1\bin;C:\Users\admin\AppData\Roaming\npm;."/>
    <property name="java.vm.info" value="mixed mode, sharing"/>
    <property name="java.vendor" value="Oracle Corporation"/>
    <property name="java.vm.version" value="17.0.2+8-LTS-86"/>
    <property name="sun.io.unicode.encoding" value="UnicodeLittle"/>
    <property name="java.class.version" value="61.0"/>
  </properties>
  <testcase name="testSubtract" classname="org.example.CalcTest" time="0.023">
    <failure message="expected: &lt;2&gt; but was: &lt;6&gt;" type="org.opentest4j.AssertionFailedError"><![CDATA[org.opentest4j.AssertionFailedError: expected: <2> but was: <6>
	at org.example.CalcTest.testSubtract(CalcTest.java:15)
]]></failure>
  </testcase>
  <testcase name="testAddition" classname="org.example.CalcTest" time="0.002"/>
</testsuite>